[INFO ] 2021-05-18T10:02:55,811Z [main] cliutils.CordaCliWrapper. - Application Args: --base-directory /opt/corda --config-file /etc/corda/node.conf
[INFO ] 2021-05-18T10:02:56,830Z [main] manifests.Manifests. - 130 attributes loaded from 166 stream(s) in 128ms, 130 saved, 2668 ignored: ["ActiveMQ-Version", "Agent-Class", "Ant-Version", "Application-Class", "Application-ID", "Application-Library-Allowable-Codebase", "Application-Name", "Application-Version", "Apr-Version", "Archiver-Version", "Automatic-Module-Name", "Bnd-LastModified", "BoringSSL-Branch", "BoringSSL-Revision", "Branch", "Build-Date", "Build-Host", "Build-Id", "Build-Java-Version", "Build-Jdk", "Build-Jdk-Spec", "Build-Job", "Build-Number", "Build-Time", "Build-Timestamp", "Build-Version", "Built-By", "Built-OS", "Built-Status", "Bundle-Activator", "Bundle-Category", "Bundle-ClassPath", "Bundle-Description", "Bundle-DocURL", "Bundle-License", "Bundle-ManifestVersion", "Bundle-Name", "Bundle-NativeCode", "Bundle-RequiredExecutionEnvironment", "Bundle-SymbolicName", "Bundle-Vendor", "Bundle-Version", "Caller-Allowable-Codebase", "Can-Redefine-Classes", "Can-Retransform-Classes", "Can-Set-Native-Method-Prefix", "Caplets", "Change", "Class-Path", "Codebase", "Corda-DJVM-Dependencies", "Corda-Deterministic-Classpath", "Corda-Deterministic-Runtime", "Corda-Docs-Link", "Corda-Platform-Version", "Corda-Release-Version", "Corda-Revision", "Corda-Vendor", "Created-By", "DynamicImport-Package", "Eclipse-BuddyPolicy", "Eclipse-LazyStart", "Export-Package", "Extension-Name", "Fragment-Host", "Git-Revision", "Git-Url", "Gradle-Version", "Hibernate-JpaVersion", "Hibernate-VersionFamily", "Implementation-Build", "Implementation-Build-Date", "Implementation-Build-Id", "Implementation-Title", "Implementation-URL", "Implementation-Url", "Implementation-Vendor", "Implementation-Vendor-Id", "Implementation-Version", "Import-Package", "Include-Resource", "JCabi-Build", "JCabi-Date", "JCabi-Version", "JVM-Args", "Java-Agents", "Java-Vendor", "Java-Version", "Kotlin-Runtime-Component", "Kotlin-Version", "Liquibase-Package", "Log4jReleaseKey", "Log4jReleaseManager", "Log4jReleaseVersion", "Main-Class", "Main-class", "Major-Version", "Manifest-Version", "Min-Java-Version", "Min-Update-Version", "Module-Email", "Module-Origin", "Module-Owner", "Module-Source", "Multi-Release", "Originally-Created-By", "Os-Arch", "Os-Name", "Os-Version", "Permissions", "Premain-Class", "Private-Package", "Provide-Capability", "Require-Capability", "SCM-Revision", "SCM-url", "Scm-Connection", "Scm-Revision", "Scm-Url", "Sealed", "Service-Component", "Specification-Title", "Specification-Vendor", "Specification-Version", "System-Properties", "Tool", "Trusted-Library", "URL", "X-Compile-Source-JDK", "X-Compile-Target-JDK"]
[INFO ] 2021-05-18T10:02:56,876Z [main] BasicInfo. - Logs can be found in                    : /opt/corda/logs
[INFO ] 2021-05-18T10:02:57,860Z [main] subcommands.ValidateConfigurationCli. - Actual configuration:
{
    "additionalNodeInfoPollingFrequencyMsec" : 5000,
    "additionalP2PAddresses" : [],
    "baseDirectory" : "/opt/corda",
    "blacklistedAttachmentSigningKeys" : [],
    "certificateChainCheckPolicies" : [],
    "cordappSignerKeyFingerprintBlacklist" : [
        "56CA54E803CB87C8472EBD3FBC6A2F1876E814CEEBF74860BD46997F40729367",
        "83088052AF16700457AE2C978A7D8AC38DD6A7C713539D00B897CD03A5E5D31D",
        "6F6696296C3F58B55FB6CA865A025A3A6CC27AD17C4AFABA1E8EF062E0A82739"
    ],
    "crlCheckArtemisServer" : false,
    "crlCheckSoftFail" : true,
    "dataSourceProperties" : "*****",
    "database" : {
        "exportHibernateJMXStatistics" : false,
        "mappedSchemaCacheSize" : 100
    },
    "detectPublicIp" : false,
    "devMode" : true,
    "emailAddress" : "admin@company.com",
    "extraNetworkMapKeys" : [],
    "flowExternalOperationThreadPoolSize" : 8,
    "flowMonitorPeriodMillis" : {
        "nanos" : 0,
        "seconds" : 60
    },
    "flowMonitorSuspensionLoggingThresholdMillis" : {
        "nanos" : 0,
        "seconds" : 60
    },
    "flowTimeout" : {
        "backoffBase" : 1.8,
        "maxRestartCount" : 6,
        "timeout" : {
            "nanos" : 0,
            "seconds" : 30
        }
    },
    "jarDirs" : [],
    "jmxReporterType" : "JOLOKIA",
    "keyStorePassword" : "*****",
    "lazyBridgeStart" : true,
    "localShellAllowExitInSafeMode" : true,
    "localShellUnsafe" : false,
    "myLegalName" : "O=PartyA,L=Paris,C=FR",
    "networkParameterAcceptanceSettings" : {
        "autoAcceptEnabled" : true,
        "excludedAutoAcceptableParameters" : []
    },
    "noLocalShell" : false,
    "p2pAddress" : "partya:10200",
    "quasarExcludePackages" : [],
    "reloadCheckpointAfterSuspend" : false,
    "rpcSettings" : {
        "address" : "0.0.0.0:10201",
        "adminAddress" : "0.0.0.0:10202",
        "standAloneBroker" : false,
        "useSsl" : false
    },
    "rpcUsers" : [],
    "security" : {
        "authService" : {
            "dataSource" : {
                "passwordEncryption" : "NONE",
                "type" : "INMEMORY",
                "users" : [
                    {
                        "ignoresFallbacks" : false,
                        "resolved" : true,
                        "value" : {
                            "loadFactor" : 0.75,
                            "modCount" : 3,
                            "size" : 3,
                            "table" : {},
                            "threshold" : 3
                        }
                    }
                ]
            }
        }
    },
    "sshd" : {
        "port" : 2222
    },
    "trustStorePassword" : "*****",
    "useTestClock" : false,
    "verifierType" : "InMemory"
}

[INFO ] 2021-05-18T10:02:57,885Z [main] internal.Node. - Vendor: Corda Open Source
[INFO ] 2021-05-18T10:02:57,886Z [main] internal.Node. - Release: 4.8
[INFO ] 2021-05-18T10:02:57,886Z [main] internal.Node. - Platform Version: 10
[INFO ] 2021-05-18T10:02:57,886Z [main] internal.Node. - Revision: d7a710c80300d1d9b79513a5d8d137361a2599a8
[INFO ] 2021-05-18T10:02:57,886Z [main] internal.Node. - PID: 28
[INFO ] 2021-05-18T10:02:57,886Z [main] internal.Node. - Main class: /opt/corda/.capsule/apps/net.corda.node.Corda_4.8/corda-node-4.8.jar
[INFO ] 2021-05-18T10:02:57,886Z [main] internal.Node. - CommandLine Args: -Xmx512m -XX:+UseG1GC -XX:+HeapDumpOnOutOfMemoryError -XX:+CrashOnOutOfMemoryError -XX:+UnlockExperimentalVMOptions -XX:+UseCGroupMemoryLimitForHeap -javaagent:/opt/corda/.capsule/apps/net.corda.node.Corda_4.8/quasar-core-0.7.13_r3.jar=x(antlr**;bftsmart**;co.paralleluniverse**;com.codahale**;com.esotericsoftware**;com.fasterxml**;com.google**;com.ibm**;com.intellij**;com.jcabi**;com.nhaarman**;com.opengamma**;com.typesafe**;com.zaxxer**;de.javakaffee**;groovy**;groovyjarjarantlr**;groovyjarjarasm**;io.atomix**;io.github**;io.netty**;jdk**;kotlin**;net.corda.djvm**;djvm**;net.bytebuddy**;net.i2p**;org.apache**;org.bouncycastle**;org.codehaus**;org.crsh**;org.dom4j**;org.fusesource**;org.h2**;org.hibernate**;org.jboss**;org.jcp**;org.joda**;org.objectweb**;org.objenesis**;org.slf4j**;org.w3c**;org.xml**;org.yaml**;reflectasm**;rx**;org.jolokia**;com.lmax**;picocli**;liquibase**;com.github.benmanes**;org.json**;org.postgresql**;nonapi.io.github.classgraph**)l(net.corda.djvm.**;net.corda.core.serialization.internal.**) -Dcorda.dataSourceProperties.dataSource.url=jdbc:h2:file:/opt/corda/persistence/persistence;DB_CLOSE_ON_EXIT=FALSE;WRITE_DELAY=0;LOCK_TIMEOUT=10000 -Dvisualvm.display.name=Corda -Djava.library.path=/usr/java/packages/lib/amd64:/usr/lib64:/lib64:/lib:/usr/lib:/opt/corda/.capsule/apps/net.corda.node.Corda_4.8 -Dcapsule.app=net.corda.node.Corda_4.8 -Dcapsule.dir=/opt/corda/.capsule/apps/net.corda.node.Corda_4.8 -Dcapsule.jar=/opt/corda/bin/corda.jar -Djava.security.egd=file:/dev/./urandom
[INFO ] 2021-05-18T10:02:57,886Z [main] internal.Node. - bootclasspath: /usr/lib/jvm/zulu-8-amd64/jre/lib/resources.jar:/usr/lib/jvm/zulu-8-amd64/jre/lib/rt.jar:/usr/lib/jvm/zulu-8-amd64/jre/lib/sunrsasign.jar:/usr/lib/jvm/zulu-8-amd64/jre/lib/jsse.jar:/usr/lib/jvm/zulu-8-amd64/jre/lib/jce.jar:/usr/lib/jvm/zulu-8-amd64/jre/lib/charsets.jar:/usr/lib/jvm/zulu-8-amd64/jre/lib/jfr.jar:/usr/lib/jvm/zulu-8-amd64/jre/classes
[INFO ] 2021-05-18T10:02:57,886Z [main] internal.Node. - classpath: /opt/corda/bin/corda.jar:/opt/corda/.capsule/apps/net.corda.node.Corda_4.8/corda-shell-4.8.jar:/opt/corda/.capsule/apps/net.corda.node.Corda_4.8/corda-rpc-4.8.jar:/opt/corda/.capsule/apps/net.corda.node.Corda_4.8/corda-node-api-4.8.jar:/opt/corda/.capsule/apps/net.corda.node.Corda_4.8/corda-tools-cliutils-4.8.jar:/opt/corda/.capsule/apps/net.corda.node.Corda_4.8/corda-common-configuration-parsing-4.8.jar:/opt/corda/.capsule/apps/net.corda.node.Corda_4.8/corda-common-validation-4.8.jar:/opt/corda/.capsule/apps/net.corda.node.Corda_4.8/corda-common-logging-4.8.jar:/opt/corda/.capsule/apps/net.corda.node.Corda_4.8/corda-confidential-identities-4.8.jar:/opt/corda/.capsule/apps/net.corda.node.Corda_4.8/log4j-slf4j-impl-2.13.3.jar:/opt/corda/.capsule/apps/net.corda.node.Corda_4.8/log4j-web-2.13.3.jar:/opt/corda/.capsule/apps/net.corda.node.Corda_4.8/jul-to-slf4j-1.7.30.jar:/opt/corda/.capsule/apps/net.corda.node.Corda_4.8/corda-serialization-djvm-4.8.jar:/opt/corda/.capsule/apps/net.corda.node.Corda_4.8/corda-djvm-1.1.1.jar:/opt/corda/.capsule/apps/net.corda.node.Corda_4.8/corda-jackson-4.8.jar:/opt/corda/.capsule/apps/net.corda.node.Corda_4.8/corda-serialization-4.8.jar:/opt/corda/.capsule/apps/net.corda.node.Corda_4.8/corda-core-4.8.jar:/opt/corda/.capsule/apps/net.corda.node.Corda_4.8/kotlin-stdlib-jdk8-1.2.71.jar:/opt/corda/.capsule/apps/net.corda.node.Corda_4.8/jackson-module-kotlin-2.9.7.jar:/opt/corda/.capsule/apps/net.corda.node.Corda_4.8/kotlin-reflect-1.2.71.jar:/opt/corda/.capsule/apps/net.corda.node.Corda_4.8/jansi-1.18.jar:/opt/corda/.capsule/apps/net.corda.node.Corda_4.8/metrics-new-relic-1.1.1.jar:/opt/corda/.capsule/apps/net.corda.node.Corda_4.8/quasar-core-0.7.13_r3.jar:/opt/corda/.capsule/apps/net.corda.node.Corda_4.8/guava-28.0-jre.jar:/opt/corda/.capsule/apps/net.corda.node.Corda_4.8/caffeine-2.7.0.jar:/opt/corda/.capsule/apps/net.corda.node.Corda_4.8/disruptor-3.4.2.jar:/opt/corda/.capsule/apps/net.corda.node.Corda_4.8/commons-collections4-4.3.jar:/opt/corda/.capsule/apps/net.corda.node.Corda_4.8/artemis-amqp-protocol-2.6.2.jar:/opt/corda/.capsule/apps/net.corda.node.Corda_4.8/artemis-server-2.6.2.jar:/opt/corda/.capsule/apps/net.corda.node.Corda_4.8/artemis-jdbc-store-2.6.2.jar:/opt/corda/.capsule/apps/net.corda.node.Corda_4.8/artemis-jms-client-2.6.2.jar:/opt/corda/.capsule/apps/net.corda.node.Corda_4.8/artemis-core-client-2.6.2.jar:/opt/corda/.capsule/apps/net.corda.node.Corda_4.8/artemis-journal-2.6.2.jar:/opt/corda/.capsule/apps/net.corda.node.Corda_4.8/artemis-commons-2.6.2.jar:/opt/corda/.capsule/apps/net.corda.node.Corda_4.8/shiro-core-1.4.1.jar:/opt/corda/.capsule/apps/net.corda.node.Corda_4.8/shiro-config-ogdl-1.4.1.jar:/opt/corda/.capsule/apps/net.corda.node.Corda_4.8/commons-beanutils-1.9.4.jar:/opt/corda/.capsule/apps/net.corda.node.Corda_4.8/jcabi-manifests-1.1.jar:/opt/corda/.capsule/apps/net.corda.node.Corda_4.8/metrics-jmx-4.1.0.jar:/opt/corda/.capsule/apps/net.corda.node.Corda_4.8/config-1.3.4.jar:/opt/corda/.capsule/apps/net.corda.node.Corda_4.8/corda-node-djvm-4.8.jar:/opt/corda/.capsule/apps/net.corda.node.Corda_4.8/h2-1.4.199.jar:/opt/corda/.capsule/apps/net.corda.node.Corda_4.8/HikariCP-3.3.1.jar:/opt/corda/.capsule/apps/net.corda.node.Corda_4.8/hibernate-java8-5.4.3.Final.jar:/opt/corda/.capsule/apps/net.corda.node.Corda_4.8/hibernate-core-5.4.3.Final.jar:/opt/corda/.capsule/apps/net.corda.node.Corda_4.8/okhttp-3.14.2.jar:/opt/corda/.capsule/apps/net.corda.node.Corda_4.8/picocli-3.9.6.jar:/opt/corda/.capsule/apps/net.corda.node.Corda_4.8/library-master-v1.1-beta-g6215ec8-87.jar:/opt/corda/.capsule/apps/net.corda.node.Corda_4.8/commons-codec-1.13.jar:/opt/corda/.capsule/apps/net.corda.node.Corda_4.8/copycat-client-1.2.3.jar:/opt/corda/.capsule/apps/net.corda.node.Corda_4.8/copycat-server-1.2.3.jar:/opt/corda/.capsule/apps/net.corda.node.Corda_4.8/catalyst-netty-1.1.2.jar:/opt/corda/.capsule/apps/net.corda.node.Corda_4.8/jolokia-jvm-1.6.1-agent.jar:/opt/corda/.capsule/apps/net.corda.node.Corda_4.8/netty-tcnative-boringssl-static-2.0.29.Final.jar:/opt/corda/.capsule/apps/net.corda.node.Corda_4.8/kotlin-stdlib-jre8-1.2.71.jar:/opt/corda/.capsule/apps/net.corda.node.Corda_4.8/netty-handler-proxy-4.1.46.Final.jar:/opt/corda/.capsule/apps/net.corda.node.Corda_4.8/proton-j-0.33.0.jar:/opt/corda/.capsule/apps/net.corda.node.Corda_4.8/classgraph-4.8.90.jar:/opt/corda/.capsule/apps/net.corda.node.Corda_4.8/kryo-serializers-0.43.jar:/opt/corda/.capsule/apps/net.corda.node.Corda_4.8/kryo-4.0.2.jar:/opt/corda/.capsule/apps/net.corda.node.Corda_4.8/liquibase-core-3.6.3.jar:/opt/corda/.capsule/apps/net.corda.node.Corda_4.8/jackson-datatype-jsr310-2.9.7.jar:/opt/corda/.capsule/apps/net.corda.node.Corda_4.8/jackson-databind-2.9.7.jar:/opt/corda/.capsule/apps/net.corda.node.Corda_4.8/liquibase-slf4j-2.0.0.jar:/opt/corda/.capsule/apps/net.corda.node.Corda_4.8/crash.connectors.ssh-1.7.4.jar:/opt/corda/.capsule/apps/net.corda.node.Corda_4.8/crash.shell-1.7.4.jar:/opt/corda/.capsule/apps/net.corda.node.Corda_4.8/log4j-core-2.13.3.jar:/opt/corda/.capsule/apps/net.corda.node.Corda_4.8/commons-io-2.6.jar:/opt/corda/.capsule/apps/net.corda.node.Corda_4.8/jcabi-log-0.14.jar:/opt/corda/.capsule/apps/net.corda.node.Corda_4.8/metrics-core-4.1.0.jar:/opt/corda/.capsule/apps/net.corda.node.Corda_4.8/shiro-cache-1.4.1.jar:/opt/corda/.capsule/apps/net.corda.node.Corda_4.8/shiro-crypto-hash-1.4.1.jar:/opt/corda/.capsule/apps/net.corda.node.Corda_4.8/shiro-crypto-cipher-1.4.1.jar:/opt/corda/.capsule/apps/net.corda.node.Corda_4.8/shiro-config-core-1.4.1.jar:/opt/corda/.capsule/apps/net.corda.node.Corda_4.8/shiro-event-1.4.1.jar:/opt/corda/.capsule/apps/net.corda.node.Corda_4.8/shiro-crypto-core-1.4.1.jar:/opt/corda/.capsule/apps/net.corda.node.Corda_4.8/shiro-lang-1.4.1.jar:/opt/corda/.capsule/apps/net.corda.node.Corda_4.8/copycat-protocol-1.2.3.jar:/opt/corda/.capsule/apps/net.corda.node.Corda_4.8/catalyst-transport-1.1.2.jar:/opt/corda/.capsule/apps/net.corda.node.Corda_4.8/jcl-over-slf4j-1.7.30.jar:/opt/corda/.capsule/apps/net.corda.node.Corda_4.8/mina-core-2.0.16.jar:/opt/corda/.capsule/apps/net.corda.node.Corda_4.8/catalyst-concurrent-1.1.2.jar:/opt/corda/.capsule/apps/net.corda.node.Corda_4.8/catalyst-serializer-1.1.2.jar:/opt/corda/.capsule/apps/net.corda.node.Corda_4.8/catalyst-buffer-1.1.2.jar:/opt/corda/.capsule/apps/net.corda.node.Corda_4.8/catalyst-common-1.1.2.jar:/opt/corda/.capsule/apps/net.corda.node.Corda_4.8/slf4j-api-1.7.30.jar:/opt/corda/.capsule/apps/net.corda.node.Corda_4.8/log4j-api-2.13.3.jar:/opt/corda/.capsule/apps/net.corda.node.Corda_4.8/kotlin-stdlib-jdk7-1.2.71.jar:/opt/corda/.capsule/apps/net.corda.node.Corda_4.8/kotlin-stdlib-jre7-1.2.71.jar:/opt/corda/.capsule/apps/net.corda.node.Corda_4.8/kotlin-stdlib-1.2.71.jar:/opt/corda/.capsule/apps/net.corda.node.Corda_4.8/failureaccess-1.0.1.jar:/opt/corda/.capsule/apps/net.corda.node.Corda_4.8/listenablefuture-9999.0-empty-to-avoid-conflict-with-guava.jar:/opt/corda/.capsule/apps/net.corda.node.Corda_4.8/jsr305-3.0.2.jar:/opt/corda/.capsule/apps/net.corda.node.Corda_4.8/checker-qual-2.8.1.jar:/opt/corda/.capsule/apps/net.corda.node.Corda_4.8/error_prone_annotations-2.3.3.jar:/opt/corda/.capsule/apps/net.corda.node.Corda_4.8/j2objc-annotations-1.3.jar:/opt/corda/.capsule/apps/net.corda.node.Corda_4.8/animal-sniffer-annotations-1.17.jar:/opt/corda/.capsule/apps/net.corda.node.Corda_4.8/commons-collections-3.2.2.jar:/opt/corda/.capsule/apps/net.corda.node.Corda_4.8/artemis-native-2.6.2.jar:/opt/corda/.capsule/apps/net.corda.node.Corda_4.8/hibernate-commons-annotations-5.1.0.Final.jar:/opt/corda/.capsule/apps/net.corda.node.Corda_4.8/jboss-logging-3.3.2.Final.jar:/opt/corda/.capsule/apps/net.corda.node.Corda_4.8/artemis-selector-2.6.2.jar:/opt/corda/.capsule/apps/net.corda.node.Corda_4.8/netty-codec-http-4.1.46.Final.jar:/opt/corda/.capsule/apps/net.corda.node.Corda_4.8/netty-handler-4.1.46.Final.jar:/opt/corda/.capsule/apps/net.corda.node.Corda_4.8/netty-transport-native-epoll-4.1.46.Final-linux-x86_64.jar:/opt/corda/.capsule/apps/net.corda.node.Corda_4.8/netty-transport-native-kqueue-4.1.46.Final-osx-x86_64.jar:/opt/corda/.capsule/apps/net.corda.node.Corda_4.8/netty-codec-socks-4.1.46.Final.jar:/opt/corda/.capsule/apps/net.corda.node.Corda_4.8/netty-codec-4.1.46.Final.jar:/opt/corda/.capsule/apps/net.corda.node.Corda_4.8/netty-transport-native-unix-common-4.1.46.Final.jar:/opt/corda/.capsule/apps/net.corda.node.Corda_4.8/netty-transport-4.1.46.Final.jar:/opt/corda/.capsule/apps/net.corda.node.Corda_4.8/netty-buffer-4.1.46.Final.jar:/opt/corda/.capsule/apps/net.corda.node.Corda_4.8/netty-resolver-4.1.46.Final.jar:/opt/corda/.capsule/apps/net.corda.node.Corda_4.8/netty-common-4.1.46.Final.jar:/opt/corda/.capsule/apps/net.corda.node.Corda_4.8/geronimo-json_1.0_spec-1.0-alpha-1.jar:/opt/corda/.capsule/apps/net.corda.node.Corda_4.8/jgroups-3.6.13.Final.jar:/opt/corda/.capsule/apps/net.corda.node.Corda_4.8/johnzon-core-0.9.5.jar:/opt/corda/.capsule/apps/net.corda.node.Corda_4.8/corda-deserializers-djvm-4.8.jar:/opt/corda/.capsule/apps/net.corda.node.Corda_4.8/javax.persistence-api-2.2.jar:/opt/corda/.capsule/apps/net.corda.node.Corda_4.8/javassist-3.24.0-GA.jar:/opt/corda/.capsule/apps/net.corda.node.Corda_4.8/byte-buddy-1.9.10.jar:/opt/corda/.capsule/apps/net.corda.node.Corda_4.8/antlr-2.7.7.jar:/opt/corda/.capsule/apps/net.corda.node.Corda_4.8/jboss-transaction-api_1.2_spec-1.1.1.Final.jar:/opt/corda/.capsule/apps/net.corda.node.Corda_4.8/jandex-2.0.5.Final.jar:/opt/corda/.capsule/apps/net.corda.node.Corda_4.8/classmate-1.3.4.jar:/opt/corda/.capsule/apps/net.corda.node.Corda_4.8/jaxb-runtime-2.3.1.jar:/opt/corda/.capsule/apps/net.corda.node.Corda_4.8/jaxb-api-2.3.1.jar:/opt/corda/.capsule/apps/net.corda.node.Corda_4.8/javax.activation-api-1.2.0.jar:/opt/corda/.capsule/apps/net.corda.node.Corda_4.8/dom4j-2.1.1.jar:/opt/corda/.capsule/apps/net.corda.node.Corda_4.8/okio-1.17.2.jar:/opt/corda/.capsule/apps/net.corda.node.Corda_4.8/jolokia-core-1.6.1.jar:/opt/corda/.capsule/apps/net.corda.node.Corda_4.8/json-simple-1.1.1.jar:/opt/corda/.capsule/apps/net.corda.node.Corda_4.8/newrelic-api-3.10.0.jar:/opt/corda/.capsule/apps/net.corda.node.Corda_4.8/LatencyUtils-2.0.3.jar:/opt/corda/.capsule/apps/net.corda.node.Corda_4.8/HdrHistogram-2.1.9.jar:/opt/corda/.capsule/apps/net.corda.node.Corda_4.8/reflectasm-1.11.3.jar:/opt/corda/.capsule/apps/net.corda.node.Corda_4.8/asm-analysis-5.2.jar:/opt/corda/.capsule/apps/net.corda.node.Corda_4.8/asm-commons-5.2.jar:/opt/corda/.capsule/apps/net.corda.node.Corda_4.8/asm-util-5.2.jar:/opt/corda/.capsule/apps/net.corda.node.Corda_4.8/asm-tree-5.2.jar:/opt/corda/.capsule/apps/net.corda.node.Corda_4.8/asm-7.1.jar:/opt/corda/.capsule/apps/net.corda.node.Corda_4.8/rxjava-1.3.8.jar:/opt/corda/.capsule/apps/net.corda.node.Corda_4.8/commons-lang3-3.9.jar:/opt/corda/.capsule/apps/net.corda.node.Corda_4.8/eddsa-0.3.0.jar:/opt/corda/.capsule/apps/net.corda.node.Corda_4.8/bcpkix-jdk15on-1.68.jar:/opt/corda/.capsule/apps/net.corda.node.Corda_4.8/bcprov-jdk15on-1.68.jar:/opt/corda/.capsule/apps/net.corda.node.Corda_4.8/snappy-0.4.jar:/opt/corda/.capsule/apps/net.corda.node.Corda_4.8/minlog-1.3.0.jar:/opt/corda/.capsule/apps/net.corda.node.Corda_4.8/objenesis-2.5.1.jar:/opt/corda/.capsule/apps/net.corda.node.Corda_4.8/jackson-dataformat-yaml-2.9.7.jar:/opt/corda/.capsule/apps/net.corda.node.Corda_4.8/snakeyaml-1.23.jar:/opt/corda/.capsule/apps/net.corda.node.Corda_4.8/jackson-annotations-2.9.0.jar:/opt/corda/.capsule/apps/net.corda.node.Corda_4.8/jackson-core-2.9.7.jar:/opt/corda/.capsule/apps/net.corda.node.Corda_4.8/crash.cli-1.7.4.jar:/opt/corda/.capsule/apps/net.corda.node.Corda_4.8/groovy-all-1.8.9.jar:/opt/corda/.capsule/apps/net.corda.node.Corda_4.8/sshd-pam-0.11.0.jar:/opt/corda/.capsule/apps/net.corda.node.Corda_4.8/sshd-core-2.3.0.jar:/opt/corda/.capsule/apps/net.corda.node.Corda_4.8/kotlin-stdlib-common-1.2.71.jar:/opt/corda/.capsule/apps/net.corda.node.Corda_4.8/annotations-13.0.jar:/opt/corda/.capsule/apps/net.corda.node.Corda_4.8/txw2-2.3.1.jar:/opt/corda/.capsule/apps/net.corda.node.Corda_4.8/istack-commons-runtime-3.0.7.jar:/opt/corda/.capsule/apps/net.corda.node.Corda_4.8/stax-ex-1.8.jar:/opt/corda/.capsule/apps/net.corda.node.Corda_4.8/FastInfoset-1.2.15.jar:/opt/corda/.capsule/apps/net.corda.node.Corda_4.8/geronimo-jms_2.0_spec-1.0-alpha-2.jar:/opt/corda/.capsule/apps/net.corda.node.Corda_4.8/sshd-common-2.3.0.jar:/opt/corda/.capsule/apps/net.corda.node.Corda_4.8/jpam-1.1.jar:/opt/corda/.capsule/apps/net.corda.node.Corda_4.8/corda-node-4.8.jar:/opt/corda/.capsule/apps/net.corda.node.Corda_4.8/quasar-core-0.7.13_r3.jar
[INFO ] 2021-05-18T10:02:57,886Z [main] internal.Node. - VM OpenJDK 64-Bit Server VM Azul Systems, Inc. 25.192-b01
[INFO ] 2021-05-18T10:02:57,886Z [main] internal.Node. - Machine: 9cb19787af0f
[INFO ] 2021-05-18T10:02:57,886Z [main] internal.Node. - Working Directory: /opt/corda
[INFO ] 2021-05-18T10:02:57,888Z [main] internal.Node. - Starting as node on partya:10200
[INFO ] 2021-05-18T10:02:58,020Z [main] cordapp.JarScanningCordappLoader. - Looking for CorDapps in [/opt/corda/cordapps]
[INFO ] 2021-05-18T10:02:58,039Z [main] cordapp.JarScanningCordappLoader. - No CorDapp paths provided
[INFO ] 2021-05-18T10:02:58,669Z [main] internal.Node. - MessagingService active change to: false
[INFO ] 2021-05-18T10:02:58,891Z [main] internal.Node. - Flow external operation executor has a max of 8 threads
[WARN ] 2021-05-18T10:02:58,930Z [main] internal.Node. - This node is running in development mode!  This is not safe for production deployment.
[INFO ] 2021-05-18T10:02:59,043Z [main] internal.Node. - Node starting up ...
[INFO ] 2021-05-18T10:02:59,073Z [main] internal.KeyStoreHandler. - Loaded trusted root certificate: DL7fwxLm5xbiMD8adUuYTsPZHAict46Ng4w6RNcySt5vAw, alias: cordarootca
[INFO ] 2021-05-18T10:02:59,163Z [main] internal.KeyStoreHandler. - Loaded node identity key: DLE3KV8njgVqt5gXohwHoYtmMichFSHM94NWHe2pozZDet, alias: identity-private-key
[INFO ] 2021-05-18T10:03:00,004Z [main] internal.Node. - Binding Shell SSHD server on port 2222.
[INFO ] 2021-05-18T10:03:00,011Z [main] internal.Node. - Setting unsafe users as: [user1]
[INFO ] 2021-05-18T10:03:00,040Z [main] shell.InteractiveShell. - launchShell: User=internalShell perm=[]
[INFO ] 2021-05-18T10:03:00,041Z [main] shell.InteractiveShell. - Shell: PermitExit= true, UNSAFELOCAL=false
[INFO ] 2021-05-18T10:03:00,111Z [main] plugin.PluginManager. - Loaded plugin Plugin[type=SSHPlugin,interface=SSHPlugin]
[INFO ] 2021-05-18T10:03:00,112Z [main] plugin.PluginManager. - Loaded plugin Plugin[type=SSHInlinePlugin,interface=CommandPlugin]
[INFO ] 2021-05-18T10:03:00,113Z [main] plugin.PluginManager. - Loaded plugin Plugin[type=KeyAuthenticationPlugin,interface=KeyAuthenticationPlugin]
[INFO ] 2021-05-18T10:03:00,114Z [main] plugin.PluginManager. - Loaded plugin Plugin[type=CRaSHShellFactory,interface=ShellFactory]
[INFO ] 2021-05-18T10:03:00,115Z [main] plugin.PluginManager. - Loaded plugin Plugin[type=GroovyLanguageProxy,interface=Language]
[INFO ] 2021-05-18T10:03:00,116Z [main] plugin.PluginManager. - Loaded plugin Plugin[type=JavaLanguage,interface=Language]
[INFO ] 2021-05-18T10:03:00,116Z [main] plugin.PluginManager. - Loaded plugin Plugin[type=ScriptLanguage,interface=Language]
[INFO ] 2021-05-18T10:03:00,116Z [main] plugin.PluginManager. - Loaded plugin Plugin[type=JaasAuthenticationPlugin,interface=AuthenticationPlugin]
[INFO ] 2021-05-18T10:03:00,117Z [main] plugin.PluginManager. - Loaded plugin Plugin[type=SimpleAuthenticationPlugin,interface=AuthenticationPlugin]
[INFO ] 2021-05-18T10:03:00,154Z [main] shell.InteractiveShell$ShellLifecycle. - Configuring property ssh.port=2222 from properties
[INFO ] 2021-05-18T10:03:00,155Z [main] shell.InteractiveShell$ShellLifecycle. - Configuring property ssh.keypath=/opt/corda/ssh/hostkey.pem from properties
[INFO ] 2021-05-18T10:03:00,155Z [main] shell.InteractiveShell$ShellLifecycle. - Configuring property ssh.keygen=true from properties
[INFO ] 2021-05-18T10:03:00,155Z [main] shell.InteractiveShell$ShellLifecycle. - Configuring property auth=corda from properties
[INFO ] 2021-05-18T10:03:00,201Z [main] eddsa.EdDSASecurityProviderRegistrar. - getOrCreateProvider(EdDSA) created instance of net.i2p.crypto.eddsa.EdDSASecurityProvider
[INFO ] 2021-05-18T10:03:00,237Z [main] plugin.PluginManager. - Initialized plugin Plugin[type=KeyAuthenticationPlugin,interface=KeyAuthenticationPlugin]
[INFO ] 2021-05-18T10:03:00,237Z [main] plugin.PluginManager. - Initialized plugin Plugin[type=JaasAuthenticationPlugin,interface=AuthenticationPlugin]
[INFO ] 2021-05-18T10:03:00,237Z [main] plugin.PluginManager. - Initialized plugin Plugin[type=SimpleAuthenticationPlugin,interface=AuthenticationPlugin]
[INFO ] 2021-05-18T10:03:00,237Z [main] plugin.PluginManager. - Initialized plugin Plugin[type=CordaAuthenticationPlugin,interface=AuthenticationPlugin]
[INFO ] 2021-05-18T10:03:00,237Z [main] ssh.SSHPlugin. - Booting SSHD
[INFO ] 2021-05-18T10:03:00,258Z [main] plugin.PluginManager. - Initialized plugin Plugin[type=GroovyLanguageProxy,interface=Language]
[INFO ] 2021-05-18T10:03:00,258Z [main] plugin.PluginManager. - Initialized plugin Plugin[type=ScriptLanguage,interface=Language]
[INFO ] 2021-05-18T10:03:00,268Z [main] plugin.PluginManager. - Initialized plugin Plugin[type=CRaSHShellFactory,interface=ShellFactory]
[INFO ] 2021-05-18T10:03:00,390Z [main] term.SSHLifeCycle. - About to start CRaSSHD
[INFO ] 2021-05-18T10:03:00,419Z [main] io.DefaultIoServiceFactoryFactory. - No detected/configured IoServiceFactoryFactory using Nio2ServiceFactoryFactory
[INFO ] 2021-05-18T10:03:00,449Z [main] term.SSHLifeCycle. - CRaSSHD started on port 2222
[INFO ] 2021-05-18T10:03:00,449Z [main] plugin.PluginManager. - Initialized plugin Plugin[type=SSHPlugin,interface=SSHPlugin]
[INFO ] 2021-05-18T10:03:00,449Z [main] plugin.PluginManager. - Initialized plugin Plugin[type=SSHInlinePlugin,interface=CommandPlugin]
[INFO ] 2021-05-18T10:03:00,449Z [main] plugin.PluginManager. - Initialized plugin Plugin[type=CordaDisconnectPlugin,interface=DisconnectPlugin]
[INFO ] 2021-05-18T10:03:02,394Z [main] internal.Node. - Loaded network parameters: NetworkParameters {
      minimumPlatformVersion=10
      notaries=[]
      maxMessageSize=10485760
      maxTransactionSize=524288000
      whitelistedContractImplementations {
        
      }
      eventHorizon=PT720H
      packageOwnership {
        
      }
      modifiedTime=2021-05-18T08:10:50.204Z
      epoch=1
  }
[INFO ] 2021-05-18T10:03:02,417Z [main] hikari.HikariDataSource. - HikariPool-1 - Starting...
[INFO ] 2021-05-18T10:03:02,671Z [main] hikari.HikariDataSource. - HikariPool-1 - Start completed.
[INFO ] 2021-05-18T10:03:05,275Z [main] jvm.JdbcExecutor. - SELECT MD5SUM FROM PUBLIC.DATABASECHANGELOG WHERE MD5SUM IS NOT NULL
[INFO ] 2021-05-18T10:03:05,289Z [main] jvm.JdbcExecutor. - SELECT COUNT(*) FROM PUBLIC.DATABASECHANGELOG
[INFO ] 2021-05-18T10:03:05,297Z [main] changelog.StandardChangeLogHistoryService. - Reading from PUBLIC.DATABASECHANGELOG
[INFO ] 2021-05-18T10:03:05,298Z [main] jvm.JdbcExecutor. - SELECT * FROM PUBLIC.DATABASECHANGELOG ORDER BY DATEEXECUTED ASC, ORDEREXECUTED ASC
[INFO ] 2021-05-18T10:03:05,313Z [main] jvm.JdbcExecutor. - SELECT COUNT(*) FROM PUBLIC.DATABASECHANGELOGLOCK
[INFO ] 2021-05-18T10:03:05,313Z [main] jvm.JdbcExecutor. - SELECT COUNT(*) FROM PUBLIC.DATABASECHANGELOGLOCK
[INFO ] 2021-05-18T10:03:05,463Z [main] jvm.JdbcExecutor. - SELECT MD5SUM FROM PUBLIC.DATABASECHANGELOG WHERE MD5SUM IS NOT NULL
[INFO ] 2021-05-18T10:03:05,466Z [main] jvm.JdbcExecutor. - SELECT COUNT(*) FROM PUBLIC.DATABASECHANGELOG
[INFO ] 2021-05-18T10:03:05,466Z [main] changelog.StandardChangeLogHistoryService. - Reading from PUBLIC.DATABASECHANGELOG
[INFO ] 2021-05-18T10:03:05,467Z [main] jvm.JdbcExecutor. - SELECT * FROM PUBLIC.DATABASECHANGELOG ORDER BY DATEEXECUTED ASC, ORDEREXECUTED ASC
[INFO ] 2021-05-18T10:03:05,474Z [main] jvm.JdbcExecutor. - SELECT COUNT(*) FROM PUBLIC.DATABASECHANGELOGLOCK
[INFO ] 2021-05-18T10:03:05,474Z [main] jvm.JdbcExecutor. - SELECT COUNT(*) FROM PUBLIC.DATABASECHANGELOGLOCK
[INFO ] 2021-05-18T10:03:05,495Z [main] internal.Node. - Connected to H2 database.
[INFO ] 2021-05-18T10:03:05,584Z [main] persistence.HibernateConfiguration. - Init HibernateConfiguration for schemas: [CommonSchemaV1(name=net.corda.core.schemas.CommonSchema, version=1), VaultSchemaV1(name=net.corda.node.services.vault.VaultSchema, version=1), NodeInfoSchemaV1(name=net.corda.node.internal.schemas.NodeInfoSchema, version=1), NodeCoreV1(name=net.corda.node.services.schema.NodeSchemaService$NodeCore, version=1)]
[INFO ] 2021-05-18T10:03:05,586Z [main] factory.BaseSessionFactoryFactory. - Creating session factory for schemas: [CommonSchemaV1(name=net.corda.core.schemas.CommonSchema, version=1), VaultSchemaV1(name=net.corda.node.services.vault.VaultSchema, version=1), NodeInfoSchemaV1(name=net.corda.node.internal.schemas.NodeInfoSchema, version=1), NodeCoreV1(name=net.corda.node.services.schema.NodeSchemaService$NodeCore, version=1)]
[INFO ] 2021-05-18T10:03:07,081Z [main] factory.BaseSessionFactoryFactory. - Created session factory for schemas: [CommonSchemaV1(name=net.corda.core.schemas.CommonSchema, version=1), VaultSchemaV1(name=net.corda.node.services.vault.VaultSchema, version=1), NodeInfoSchemaV1(name=net.corda.node.internal.schemas.NodeInfoSchema, version=1), NodeCoreV1(name=net.corda.node.services.schema.NodeSchemaService$NodeCore, version=1)]
[INFO ] 2021-05-18T10:03:07,487Z [main] network.NetworkMapUpdater. - Auto-accept enabled for network parameter changes which modify only: [epoch, modifiedTime, packageOwnership, whitelistedContractImplementations]
[INFO ] 2021-05-18T10:03:07,509Z [main] security.RPCSecurityManagerImpl. - Constructing realm from list of users in config [User(user1, permissions=[ALL])]
[INFO ] 2021-05-18T10:03:07,538Z [RxIoScheduler-2] network.PersistentNetworkMapCache. - Adding node with info: NodeInfo(addresses=[partya:10200], legalIdentitiesAndCerts=[O=PartyA, L=Paris, C=FR], platformVersion=10, serial=1621325447451), owningKey=DLE3KV8njgVqt5gXohwHoYtmMichFSHM94NWHe2pozZDet
[INFO ] 2021-05-18T10:03:07,538Z [RxIoScheduler-2] network.PersistentNetworkMapCache. - Previous node was identical to incoming one - doing nothing
[INFO ] 2021-05-18T10:03:07,695Z [main] BasicInfo. - Advertised P2P messaging addresses      : partya:10200
[INFO ] 2021-05-18T10:03:07,701Z [main] BasicInfo. - RPC connection address                  : 0.0.0.0:10201
[INFO ] 2021-05-18T10:03:07,701Z [main] BasicInfo. - RPC admin connection address            : 0.0.0.0:10202
[INFO ] 2021-05-18T10:03:08,266Z [main] messaging.ArtemisMessagingServer. - P2P messaging server listening on 0.0.0.0:10200
[INFO ] 2021-05-18T10:03:08,547Z [main] internal.ArtemisMessagingClient. - Connecting to message broker: localhost:10200
[INFO ] 2021-05-18T10:03:08,927Z [main] internal.ArtemisMessagingClient. - Connecting to message broker: localhost:10200
[INFO ] 2021-05-18T10:03:09,062Z [main] bridging.BridgeControlListener. - Found inboxes: []
[INFO ] 2021-05-18T10:03:09,112Z [main] messaging.P2PMessagingClient. - Connecting to message broker: localhost:10200
[INFO ] 2021-05-18T10:03:09,186Z [main] messaging.P2PMessagingClient. - Create fresh queue p2p.inbound.DLE3KV8njgVqt5gXohwHoYtmMichFSHM94NWHe2pozZDet bound on same address
[INFO ] 2021-05-18T10:03:09,267Z [Thread-4 (ActiveMQ-client-global-threads)] bridging.BridgeControlListener. - Received bridge control message NodeToBridgeSnapshot(nodeIdentity=O=PartyA, L=Paris, C=FR, inboxQueues=[p2p.inbound.DLE3KV8njgVqt5gXohwHoYtmMichFSHM94NWHe2pozZDet], sendQueues=[])
[INFO ] 2021-05-18T10:03:09,271Z [Thread-4 (ActiveMQ-client-global-threads)] bridging.BridgeControlListener. - Added inbox: [p2p.inbound.DLE3KV8njgVqt5gXohwHoYtmMichFSHM94NWHe2pozZDet]. Current inboxes: [p2p.inbound.DLE3KV8njgVqt5gXohwHoYtmMichFSHM94NWHe2pozZDet].
[INFO ] 2021-05-18T10:03:09,733Z [main] statemachine.SingleThreadedStateMachineManager. - Node ready, info: NodeInfo(addresses=[partya:10200], legalIdentitiesAndCerts=[O=PartyA, L=Paris, C=FR], platformVersion=10, serial=1621325447451)
[INFO ] 2021-05-18T10:03:09,783Z [Node thread-1] internal.Node. - Registering JMX reporter:
[INFO ] 2021-05-18T10:03:09,783Z [Node thread-1] internal.Node. - Registering Jolokia JMX reporter:
[INFO ] 2021-05-18T10:03:09,783Z [main] BasicInfo. - Loaded 0 CorDapp(s)                     : 
[INFO ] 2021-05-18T10:03:09,786Z [main] BasicInfo. - Node for "PartyA" started up and registered in 13.96 sec
[INFO ] 2021-05-18T10:03:09,786Z [main] BasicInfo. - SSH server listening on port            : 2222
[INFO ] 2021-05-18T10:03:09,786Z [main] rpc.RPCServer. - Starting RPC server with configuration RPCServerConfiguration(rpcThreadPoolSize=4, reapInterval=PT1S, deduplicationCacheExpiry=PT24H)
[INFO ] 2021-05-18T10:03:09,881Z [main] BasicInfo. - Running P2PMessaging loop
[INFO ] 2021-05-18T10:03:09,898Z [main] messaging.P2PMessagingClient. - Status change to true
[INFO ] 2021-05-18T10:03:09,900Z [main] internal.Node. - MessagingService active change to: true
